<?xml version="1.0" encoding="UTF-8"?>
<!-- Generated by org.testng.reporters.JUnitReportReporter -->
<testsuite skipped="0" hostname="DESKTOP-TM3LMDO" name="API.ValidateAPIOutput" tests="3" failures="0" timestamp="27 Aug 2018 10:36:39 GMT" time="2.884" errors="0">
  <testcase name="validatePromotions" time="0.484" classname="API.ValidateAPIOutput"/>
  <testcase name="validateCanRelist" time="1.908" classname="API.ValidateAPIOutput"/>
  <testcase name="validateName" time="0.492" classname="API.ValidateAPIOutput"/>
</testsuite> <!-- API.ValidateAPIOutput -->
