<?xml version="1.0" encoding="UTF-8"?>
<!-- Generated by org.testng.reporters.JUnitReportReporter -->
<testsuite skipped="0" hostname="DESKTOP-TM3LMDO" name="API.ValidateAPIOutput" tests="3" failures="0" timestamp="27 Aug 2018 10:07:22 GMT" time="1.968" errors="0">
  <testcase name="validatePromotions" time="0.596" classname="API.ValidateAPIOutput"/>
  <testcase name="validateCanRelist" time="1.208" classname="API.ValidateAPIOutput"/>
  <testcase name="validateName" time="0.164" classname="API.ValidateAPIOutput"/>
</testsuite> <!-- API.ValidateAPIOutput -->
